C51 COMPILER V9.56.0.0   HWINT_C                                                           11/21/2017 20:25:35 PAGE 1   


C51 COMPILER V9.56.0.0, COMPILATION OF MODULE HWINT_C
OBJECT MODULE PLACED IN .\Objects\HWINT_C.obj
COMPILER INVOKED BY: C:\Keil_v5\C51\BIN\C51.EXE HWINT_C.C OPTIMIZE(8,SPEED) BROWSE DEBUG OBJECTEXTEND PRINT(.\Listings\H
                    -WINT_C.lst) TABS(2) OBJECT(.\Objects\HWINT_C.obj)

line level    source

   1              #include<regx52.h>
   2              
   3            
   4            void main()
   5                {
   6   1               P1_1=0;  
   7   1          IT0=1;
   8   1          
   9   1      
  10   1             IE=0x81;                    // Activating and EX0
  11   1             while(1);
  12   1            }
  13            
  14          
  15          void extr0(void) interrupt 0     //Subroutine EX0 with interrupt number '0'
  16                {       
  17   1      P1_1=~P1_1; 
  18   1        
  19   1                
  20   1              
  21   1            }
  22             
  23            


MODULE INFORMATION:   STATIC OVERLAYABLE
   CODE SIZE        =     12    ----
   CONSTANT SIZE    =   ----    ----
   XDATA SIZE       =   ----    ----
   PDATA SIZE       =   ----    ----
   DATA SIZE        =   ----    ----
   IDATA SIZE       =   ----    ----
   BIT SIZE         =   ----    ----
END OF MODULE INFORMATION.


C51 COMPILATION COMPLETE.  0 WARNING(S),  0 ERROR(S)
