C51 COMPILER V9.60.0.0   BIPOLAR                                                           11/19/2020 22:41:07 PAGE 1   


C51 COMPILER V9.60.0.0, COMPILATION OF MODULE BIPOLAR
OBJECT MODULE PLACED IN bipolar.OBJ
COMPILER INVOKED BY: C:\Keil_v5\C51\BIN\C51.EXE bipolar.c OPTIMIZE(8,SPEED) BROWSE DEBUG OBJECTEXTEND TABS(2)

line level    source

   1          #include<reg52.h>
   2          #include<stdio.h>
   3          
   4          void delay(int);
   5          
   6          void main()
   7            
   8          {
   9   1       int l;
  10   1        while(1)
  11   1        {
  12   2        
  13   2        for(l=0;l<4;l++)
  14   2        {
  15   3         P2=0x01; //0001
  16   3         delay(1000);
  17   3         P2=0x04; //0100
  18   3         delay(1000);
  19   3         P2=0x02; //0010
  20   3         delay(1000);
  21   3         P2=0x08; //1000
  22   3         delay(1000);
  23   3      
  24   3      }
  25   2        while(1);
  26   2        }
  27   1      }
  28          
  29          void delay(int k)
  30          {
  31   1       int i,j;
  32   1       for(i=0;i<k;i++)
  33   1       {
  34   2        for(j=0;j<10;j++)
  35   2        {}
  36   2       }
  37   1      }


MODULE INFORMATION:   STATIC OVERLAYABLE
   CODE SIZE        =     92    ----
   CONSTANT SIZE    =   ----    ----
   XDATA SIZE       =   ----    ----
   PDATA SIZE       =   ----    ----
   DATA SIZE        =   ----       2
   IDATA SIZE       =   ----    ----
   BIT SIZE         =   ----    ----
END OF MODULE INFORMATION.


C51 COMPILATION COMPLETE.  0 WARNING(S),  0 ERROR(S)
