C51 COMPILER V9.56.0.0   MAIN                                                              11/23/2017 06:52:06 PAGE 1   


C51 COMPILER V9.56.0.0, COMPILATION OF MODULE MAIN
OBJECT MODULE PLACED IN Main.OBJ
COMPILER INVOKED BY: C:\Keil_v5\C51\BIN\C51.EXE Main.c OPTIMIZE(8,SPEED) BROWSE DEBUG OBJECTEXTEND TABS(2)

line level    source

   1          #include<reg51.h>
   2          #include "DAC0808.h"
   3          
   4          // Define Function Prototypes
   5          void delay_sec(unsigned int);
   6          void delay_us(unsigned int);
   7          
   8          // Main function
   9          void main()
  10          {
  11   1        P0 = 0x00;        // Initialize all ports with a value of zero
  12   1        P1 = 0x00;
  13   1        P2 = 0x00;
  14   1        P3 = 0x00;
  15   1      
  16   1        InitDAC();        // Initialize DAC0808 data bus
  17   1      
  18   1        while(1)
  19   1        {  
  20   2          
  21   2          P2=0XFF;
  22   2          delay_sec(1);         
  23   2          P2=0;
  24   2          delay_sec(1); 
  25   2          
  26   2          //Generate_DAC_Voltage(0);    // Generate 1000mV = 1v at output
  27   2          //delay_sec(1);         // Two second delay
  28   2          //Generate_DAC_Voltage(1000);   // Generate 2000mV = 2v at output
  29   2          //delay_sec(1);         // Two second delay
  30   2          
  31   2        }
  32   1      }
  33          
  34          
  35          
  36          // Function Purpose: Produce approximate delay in Secs.
  37          void delay_sec(unsigned int d)
  38          {
  39   1         unsigned int i;
  40   1      
  41   1         for(i=0;i<(d*20);i++)
  42   1            delay_us(50000);
  43   1      }
  44          
  45          
  46          
  47          // Function Purpose: Produce approximate delay in given uSecs.
  48          void delay_us(unsigned int d)
  49          {
  50   1         unsigned int i, limit;
  51   1         limit = d/15;
  52   1      
  53   1         for(i=0;i<limit;i++);
  54   1      }
  55          
C51 COMPILER V9.56.0.0   MAIN                                                              11/23/2017 06:52:06 PAGE 2   



MODULE INFORMATION:   STATIC OVERLAYABLE
   CODE SIZE        =    105    ----
   CONSTANT SIZE    =   ----    ----
   XDATA SIZE       =   ----    ----
   PDATA SIZE       =   ----    ----
   DATA SIZE        =   ----       4
   IDATA SIZE       =   ----    ----
   BIT SIZE         =   ----    ----
END OF MODULE INFORMATION.


C51 COMPILATION COMPLETE.  0 WARNING(S),  0 ERROR(S)
