C51 COMPILER V9.56.0.0   ADC0804                                                           11/22/2017 23:18:56 PAGE 1   


C51 COMPILER V9.56.0.0, COMPILATION OF MODULE ADC0804
OBJECT MODULE PLACED IN .\Objects\ADC0804.obj
COMPILER INVOKED BY: C:\Keil_v5\C51\BIN\C51.EXE ADC0804.C OPTIMIZE(8,SPEED) BROWSE DEBUG OBJECTEXTEND PRINT(.\Listings\A
                    -DC0804.lst) TABS(2) OBJECT(.\Objects\ADC0804.obj)

line level    source

   1          #include<regX52.h>
   2          
   3          #define input P2                                              //Input port (read values of ADC)
   4          
   5          #define output P3                                           // Output port (connected to LED's)
   6          
   7          void delay(unsigned intmsec );
   8          
   9          void adc();
  10          
  11          sbit wr= P1^2;                                                    // Write pin.
  12          
  13          sbit rd= P1^1;                                                     // Read pin.
  14          
  15          sbit intr= P1^3;                                   // Interrupt pin.
  16          void main()
  17          
  18          {
  19   1      
  20   1      input=0xff;                                                         // Declare port 1 as input port.
  21   1      
  22   1      output=0x00;                                                     // Declare port 0 as output port.
  23   1      
  24   1      while(1)
  25   1      
  26   1      {
  27   2      
  28   2      adc();
  29   2      
  30   2        }
  31   1      
  32   1      }
  33          
  34          void delay(unsigned int msec )                   // Delay function
  35          
  36          {
  37   1      
  38   1      int i,j ;
  39   1      
  40   1      for(i=0;i<msec;i++)
  41   1      
  42   1      for(j=0; j<1275; j++);
  43   1      
  44   1      }
  45          void adc()                                                             // Reading values from ADC and disp
             -lay on the LED's
  46          
  47          {
  48   1      
  49   1      rd=1;    
  50   1      
  51   1      wr=0;    
  52   1      
  53   1      delay(10);
C51 COMPILER V9.56.0.0   ADC0804                                                           11/22/2017 23:18:56 PAGE 2   

  54   1      
  55   1      wr=1;
  56   1      
  57   1      while(intr==1);
  58   1      
  59   1      rd=0;
  60   1      
  61   1      output=input;
  62   1      
  63   1      delay(10);
  64   1      
  65   1      intr=1;
  66   1      
  67   1      }


MODULE INFORMATION:   STATIC OVERLAYABLE
   CODE SIZE        =     74    ----
   CONSTANT SIZE    =   ----    ----
   XDATA SIZE       =   ----    ----
   PDATA SIZE       =   ----    ----
   DATA SIZE        =   ----    ----
   IDATA SIZE       =   ----    ----
   BIT SIZE         =   ----    ----
END OF MODULE INFORMATION.


C51 COMPILATION COMPLETE.  0 WARNING(S),  0 ERROR(S)
